[dotenv@17.3.1] injecting env (5) from .env -- tip: 🔐 prevent committing .env to code: https://dotenvx.com/precommit
[dotenv@17.3.1] injecting env (0) from .env -- tip: ⚙️  write to custom object with { processEnv: myObject }
[dotenv@17.3.1] injecting env (0) from .env -- tip: ⚙️  write to custom object with { processEnv: myObject }
[dotenv@17.3.1] injecting env (0) from .env -- tip: 🤖 agentic secret storage: https://dotenvx.com/as2
[dotenv@17.3.1] injecting env (0) from .env -- tip: ⚙️  enable debug logging with { debug: true }
(node:6480) Warning: SECURITY WARNING: The SSL modes 'prefer', 'require', and 'verify-ca' are treated as aliases for 'verify-full'.
In the next major version (pg-connection-string v3.0.0 and pg v9.0.0), these modes will adopt standard libpq semantics, which have weaker security guarantees.

To prepare for this change:
- If you want the current behavior, explicitly use 'sslmode=verify-full'
- If you want libpq compatibility now, use 'uselibpqcompat=true&sslmode=require'

See https://www.postgresql.org/docs/current/libpq-ssl.html for libpq SSL mode definitions.
(Use `node --trace-warnings ...` to show where the warning was created)
❌ Échec du démarrage du serveur : ConnectionError [SequelizeConnectionError]
    at Client._connectionCallback (/home/keita/Bureau/bcaconnect/backend/node_modules/sequelize/lib/dialects/postgres/connection-manager.js:145:24)
    at Client._handleErrorWhileConnecting (/home/keita/Bureau/bcaconnect/backend/node_modules/pg/lib/client.js:379:19)
    at Client._handleErrorEvent (/home/keita/Bureau/bcaconnect/backend/node_modules/pg/lib/client.js:389:19)
    at Connection.emit (node:events:524:28)
    at Socket.reportStreamError (/home/keita/Bureau/bcaconnect/backend/node_modules/pg/lib/connection.js:56:12)
    at Socket.emit (node:events:524:28)
    at emitErrorNT (node:internal/streams/destroy:169:8)
    at emitErrorCloseNT (node:internal/streams/destroy:128:3)
    at process.processTicksAndRejections (node:internal/process/task_queues:82:21) {
  parent: AggregateError [ETIMEDOUT]: 
      at internalConnectMultiple (node:net:1122:18)
      at internalConnectMultiple (node:net:1190:5)
      at Timeout.internalConnectMultipleTimeout (node:net:1716:5)
      at listOnTimeout (node:internal/timers:583:11)
      at process.processTimers (node:internal/timers:519:7) {
    code: 'ETIMEDOUT',
    [errors]: [ [Error], [Error], [Error], [Error], [Error], [Error] ]
  },
  original: AggregateError [ETIMEDOUT]: 
      at internalConnectMultiple (node:net:1122:18)
      at internalConnectMultiple (node:net:1190:5)
      at Timeout.internalConnectMultipleTimeout (node:net:1716:5)
      at listOnTimeout (node:internal/timers:583:11)
      at process.processTimers (node:internal/timers:519:7) {
    code: 'ETIMEDOUT',
    [errors]: [ [Error], [Error], [Error], [Error], [Error], [Error] ]
  }
}
